<?xml version="1.0" encoding="UTF-8"?>
<!-- Generated by org.testng.reporters.JUnitReportReporter -->
<testsuite skipped="0" hostname="RAVI-PC" name="com.qa.hubspot.tests.LoginPageTest" tests="3" failures="0" timestamp="04 Jun 2020 05:22:43 GMT" time="18.446" errors="0">
  <testcase name="verifyLoginPageTest" time="5.058" classname="com.qa.hubspot.tests.LoginPageTest"/>
  <testcase name="verifySignUpLinkTest" time="0.197" classname="com.qa.hubspot.tests.LoginPageTest"/>
  <testcase name="loginTest" time="13.191" classname="com.qa.hubspot.tests.LoginPageTest"/>
</testsuite> <!-- com.qa.hubspot.tests.LoginPageTest -->
